<?xml version="1.0" encoding="UTF-8"?>
<!-- Generated by org.testng.reporters.JUnitReportReporter -->
<testsuite skipped="0" hostname="IXC1-LT6QQQ3X2" name="com.MyTests.LoginTest" tests="1" failures="0" timestamp="19 Sep 2021 06:39:15 GMT" time="15.012" errors="0">
  <testcase name="verifyLoginPageTitleTest" time="15.012" classname="com.MyTests.LoginTest"/>
</testsuite> <!-- com.MyTests.LoginTest -->
