<?xml version="1.0" encoding="UTF-8"?>
<!-- Generated by org.testng.reporters.JUnitReportReporter -->
<testsuite skipped="0" hostname="IXC1-LT6QQQ3X2" name="com.MyTests.ReadExcelHashMap" tests="1" failures="0" timestamp="28 Aug 2021 07:01:09 GMT" time="0.373" errors="0">
  <testcase name="test1" time="0.373" classname="com.MyTests.ReadExcelHashMap"/>
</testsuite> <!-- com.MyTests.ReadExcelHashMap -->
