<?xml version="1.0" encoding="UTF-8"?>
<!-- Generated by org.testng.reporters.JUnitReportReporter -->
<testsuite skipped="0" hostname="IXC1-LT6QQQ3X2" name="com.MyTests.TestNGTut1" tests="5" failures="0" timestamp="27 Aug 2021 07:33:18 GMT" time="0.012" errors="0">
  <testcase name="APILoginCarLoan" time="0.008" classname="com.MyTests.TestNGTut1"/>
  <testcase name="WebLoginCarLoan" time="0.001" classname="com.MyTests.TestNGTut1"/>
  <testcase name="MobileLoginCarLoan" time="0.001" classname="com.MyTests.TestNGTut1"/>
  <testcase name="MobileLoginPersonalLoan" time="0.001" classname="com.MyTests.TestNGTut1"/>
  <testcase name="MobileLoginHomeLoan" time="0.001" classname="com.MyTests.TestNGTut1"/>
</testsuite> <!-- com.MyTests.TestNGTut1 -->
