<?xml version="1.0" encoding="UTF-8"?>
<!-- Generated by org.testng.reporters.JUnitReportReporter -->
<testsuite skipped="0" hostname="IXC1-LT6QQQ3X2" name="com.MyTests.TestNGTut" tests="2" failures="0" timestamp="27 Aug 2021 07:32:58 GMT" time="0.010" errors="0">
  <testcase name="test1" time="0.009" classname="com.MyTests.TestNGTut"/>
  <testcase name="test2" time="0.001" classname="com.MyTests.TestNGTut"/>
</testsuite> <!-- com.MyTests.TestNGTut -->
