<?xml version="1.0" encoding="UTF-8"?>
<!-- Generated by org.testng.reporters.JUnitReportReporter -->
<testsuite skipped="0" hostname="IXC1-LT6QQQ3X2" name="com.MyTests.Personal_loan" tests="3" failures="0" timestamp="27 Aug 2021 13:59:09 GMT" time="0.003" errors="0">
  <testcase name="MobileLoginPersonalLoan" time="0.001" classname="com.MyTests.Personal_loan"/>
  <testcase name="APILoginPersonalLoan" time="0.001" classname="com.MyTests.Personal_loan"/>
  <testcase name="WebLoginPersonalLoan" time="0.001" classname="com.MyTests.Personal_loan"/>
</testsuite> <!-- com.MyTests.Personal_loan -->
