<?xml version="1.0" encoding="UTF-8"?>
<!-- Generated by org.testng.reporters.JUnitReportReporter -->
<testsuite skipped="0" hostname="IXC1-LT6QQQ3X2" name="com.MyTests.Car_loan" tests="3" failures="0" timestamp="27 Aug 2021 08:03:38 GMT" time="0.009" errors="0">
  <testcase name="SmokeTest" time="0.001" classname="com.MyTests.Car_loan"/>
  <testcase name="RegressionTest" time="0.007" classname="com.MyTests.Car_loan"/>
  <testcase name="SmokeTestAndRegressionTest" time="0.001" classname="com.MyTests.Car_loan"/>
</testsuite> <!-- com.MyTests.Car_loan -->
