<?xml version="1.0" encoding="UTF-8"?>
<!-- Generated by org.testng.reporters.JUnitReportReporter -->
<testsuite skipped="0" hostname="IXC1-LT6QQQ3X2" name="com.MyTests.LoginTest" tests="2" failures="0" timestamp="22 Sep 2021 06:12:15 GMT" time="25.560" errors="0">
  <testcase name="verifyLoginPageTitleTest" time="12.040" classname="com.MyTests.LoginTest"/>
  <testcase name="verifyLoginPageHeaderTest" time="13.520" classname="com.MyTests.LoginTest"/>
</testsuite> <!-- com.MyTests.LoginTest -->
